C:\Users\lq\Documents\Visual Studio 2010\Projects\FindFileEnd\Debug\cl.command.1.tlog
C:\Users\lq\Documents\Visual Studio 2010\Projects\FindFileEnd\Debug\CL.read.1.tlog
C:\Users\lq\Documents\Visual Studio 2010\Projects\FindFileEnd\Debug\CL.write.1.tlog
C:\USERS\LQ\DOCUMENTS\VISUAL STUDIO 2010\PROJECTS\FINDFILEEND\DEBUG\FINDFILEEND.EXE
C:\USERS\LQ\DOCUMENTS\VISUAL STUDIO 2010\PROJECTS\FINDFILEEND\DEBUG\FINDFILEEND.EXE.INTERMEDIATE.MANIFEST
C:\USERS\LQ\DOCUMENTS\VISUAL STUDIO 2010\PROJECTS\FINDFILEEND\DEBUG\FINDFILEEND.EXE.MANIFEST
C:\USERS\LQ\DOCUMENTS\VISUAL STUDIO 2010\PROJECTS\FINDFILEEND\DEBUG\FINDFILEEND.ILK
C:\USERS\LQ\DOCUMENTS\VISUAL STUDIO 2010\PROJECTS\FINDFILEEND\DEBUG\FINDFILEEND.OBJ
C:\USERS\LQ\DOCUMENTS\VISUAL STUDIO 2010\PROJECTS\FINDFILEEND\DEBUG\FINDFILEEND.PCH
C:\USERS\LQ\DOCUMENTS\VISUAL STUDIO 2010\PROJECTS\FINDFILEEND\DEBUG\FINDFILEEND.PDB
C:\USERS\LQ\DOCUMENTS\VISUAL STUDIO 2010\PROJECTS\FINDFILEEND\DEBUG\FINDFILEEND.RES
C:\Users\lq\Documents\Visual Studio 2010\Projects\FindFileEnd\Debug\FindFileEnd.write.1.tlog
C:\USERS\LQ\DOCUMENTS\VISUAL STUDIO 2010\PROJECTS\FINDFILEEND\DEBUG\FINDFILEENDDLG.OBJ
C:\Users\lq\Documents\Visual Studio 2010\Projects\FindFileEnd\Debug\link.command.1.tlog
C:\Users\lq\Documents\Visual Studio 2010\Projects\FindFileEnd\Debug\link.read.1.tlog
C:\Users\lq\Documents\Visual Studio 2010\Projects\FindFileEnd\Debug\link.write.1.tlog
C:\Users\lq\Documents\Visual Studio 2010\Projects\FindFileEnd\Debug\link-cvtres.read.1.tlog
C:\Users\lq\Documents\Visual Studio 2010\Projects\FindFileEnd\Debug\link-cvtres.write.1.tlog
C:\Users\lq\Documents\Visual Studio 2010\Projects\FindFileEnd\Debug\mt.command.1.tlog
C:\Users\lq\Documents\Visual Studio 2010\Projects\FindFileEnd\Debug\mt.read.1.tlog
C:\Users\lq\Documents\Visual Studio 2010\Projects\FindFileEnd\Debug\mt.write.1.tlog
C:\USERS\LQ\DOCUMENTS\VISUAL STUDIO 2010\PROJECTS\FINDFILEEND\DEBUG\MYCREATETABLE.OBJ
C:\USERS\LQ\DOCUMENTS\VISUAL STUDIO 2010\PROJECTS\FINDFILEEND\DEBUG\MYFUNLISTCTRL.OBJ
C:\USERS\LQ\DOCUMENTS\VISUAL STUDIO 2010\PROJECTS\FINDFILEEND\DEBUG\MYPROGRESSDLG.OBJ
C:\USERS\LQ\DOCUMENTS\VISUAL STUDIO 2010\PROJECTS\FINDFILEEND\DEBUG\MYQUERYFILE.OBJ
C:\Users\lq\Documents\Visual Studio 2010\Projects\FindFileEnd\Debug\rc.command.1.tlog
C:\Users\lq\Documents\Visual Studio 2010\Projects\FindFileEnd\Debug\rc.read.1.tlog
C:\Users\lq\Documents\Visual Studio 2010\Projects\FindFileEnd\Debug\rc.write.1.tlog
C:\USERS\LQ\DOCUMENTS\VISUAL STUDIO 2010\PROJECTS\FINDFILEEND\DEBUG\STDAFX.OBJ
C:\Users\lq\Documents\Visual Studio 2010\Projects\FindFileEnd\Debug\vc100.idb
C:\USERS\LQ\DOCUMENTS\VISUAL STUDIO 2010\PROJECTS\FINDFILEEND\DEBUG\VC100.PDB
