C:\Users\lq\Documents\Visual Studio 2010\Projects\FindFileEnd\Release\cl.command.1.tlog
C:\Users\lq\Documents\Visual Studio 2010\Projects\FindFileEnd\Release\CL.read.1.tlog
C:\Users\lq\Documents\Visual Studio 2010\Projects\FindFileEnd\Release\CL.write.1.tlog
C:\USERS\LQ\DOCUMENTS\VISUAL STUDIO 2010\PROJECTS\FINDFILEEND\RELEASE\FINDFILEEND.EXE
C:\USERS\LQ\DOCUMENTS\VISUAL STUDIO 2010\PROJECTS\FINDFILEEND\RELEASE\FINDFILEEND.EXE.INTERMEDIATE.MANIFEST
C:\USERS\LQ\DOCUMENTS\VISUAL STUDIO 2010\PROJECTS\FINDFILEEND\RELEASE\FINDFILEEND.OBJ
C:\USERS\LQ\DOCUMENTS\VISUAL STUDIO 2010\PROJECTS\FINDFILEEND\RELEASE\FINDFILEEND.PCH
C:\USERS\LQ\DOCUMENTS\VISUAL STUDIO 2010\PROJECTS\FINDFILEEND\RELEASE\FINDFILEEND.PDB
C:\USERS\LQ\DOCUMENTS\VISUAL STUDIO 2010\PROJECTS\FINDFILEEND\RELEASE\FINDFILEEND.RES
C:\USERS\LQ\DOCUMENTS\VISUAL STUDIO 2010\PROJECTS\FINDFILEEND\RELEASE\FINDFILEENDDLG.OBJ
C:\Users\lq\Documents\Visual Studio 2010\Projects\FindFileEnd\Release\link.command.1.tlog
C:\Users\lq\Documents\Visual Studio 2010\Projects\FindFileEnd\Release\link.read.1.tlog
C:\Users\lq\Documents\Visual Studio 2010\Projects\FindFileEnd\Release\link.write.1.tlog
C:\Users\lq\Documents\Visual Studio 2010\Projects\FindFileEnd\Release\link-cvtres.read.1.tlog
C:\Users\lq\Documents\Visual Studio 2010\Projects\FindFileEnd\Release\link-cvtres.write.1.tlog
C:\Users\lq\Documents\Visual Studio 2010\Projects\FindFileEnd\Release\mt.command.1.tlog
C:\Users\lq\Documents\Visual Studio 2010\Projects\FindFileEnd\Release\mt.read.1.tlog
C:\Users\lq\Documents\Visual Studio 2010\Projects\FindFileEnd\Release\mt.write.1.tlog
C:\USERS\LQ\DOCUMENTS\VISUAL STUDIO 2010\PROJECTS\FINDFILEEND\RELEASE\MYCREATETABLE.OBJ
C:\USERS\LQ\DOCUMENTS\VISUAL STUDIO 2010\PROJECTS\FINDFILEEND\RELEASE\MYFUNLISTCTRL.OBJ
C:\USERS\LQ\DOCUMENTS\VISUAL STUDIO 2010\PROJECTS\FINDFILEEND\RELEASE\MYPROGRESSDLG.OBJ
C:\USERS\LQ\DOCUMENTS\VISUAL STUDIO 2010\PROJECTS\FINDFILEEND\RELEASE\MYQUERYFILE.OBJ
C:\Users\lq\Documents\Visual Studio 2010\Projects\FindFileEnd\Release\rc.command.1.tlog
C:\Users\lq\Documents\Visual Studio 2010\Projects\FindFileEnd\Release\rc.read.1.tlog
C:\Users\lq\Documents\Visual Studio 2010\Projects\FindFileEnd\Release\rc.write.1.tlog
C:\USERS\LQ\DOCUMENTS\VISUAL STUDIO 2010\PROJECTS\FINDFILEEND\RELEASE\STDAFX.OBJ
C:\USERS\LQ\DOCUMENTS\VISUAL STUDIO 2010\PROJECTS\FINDFILEEND\RELEASE\VC100.PDB
